<?xml version="1.0" encoding="UTF-8" ?>
<testsuite errors="0" failures="0" hostname="ben" name="uk.co.itstherules.yawf.controller.BaseTest" skipped="0" tests="7" time="0.247" timestamp="2014-04-15T21:20:12">
  <properties>
    <property name="ant.file.type.CommonsString" value="file" />
    <property name="hsqldb.jar" value="/home/ben/Code/java/cardplanner/Packages/hsqldb/1.8.0.10/hsqldb.jar" />
    <property name="commons.crypto.dist.directory" value="/home/ben/Code/java/cardplanner/CommonsCrypto/dist" />
    <property name="batik-xml.jar" value="/home/ben/Code/java/cardplanner/Packages/batik/1.7/lib/batik-xml.jar" />
    <property name="pdf.assert" value="PdfAssert" />
    <property name="selenium-commons-collections.jar" value="/home/ben/Code/java/cardplanner/Packages/selenium/2.8.0/libs/commons-collections-3.2.1.jar" />
    <property name="ant.library.dir" value="/usr/share/ant/lib" />
    <property name="auto.test.dist.directory" value="/home/ben/Code/java/cardplanner/AutoTest/dist" />
    <property name="cardplanner.website.model.directory" value="/home/ben/Code/java/cardplanner/CardPlannerModel" />
    <property name="ant.core.lib" value="/usr/share/ant/lib/ant.jar" />
    <property name="auto.test.pdf.regression.made.directory" value="/home/ben/Code/java/cardplanner/AutoTestPdfRegression/made" />
    <property name="user.dir" value="/home/ben/Code/java/cardplanner/YAWF" />
    <property name="java.vm.version" value="25.0-b70" />
    <property name="batik-parser.jar" value="/home/ben/Code/java/cardplanner/Packages/batik/1.7/lib/batik-parser.jar" />
    <property name="cardplanner.instance.manager.directory" value="/home/ben/Code/java/cardplanner/CardPlannerInstanceManager" />
    <property name="selenium-cglib-nodep.jar" value="/home/ben/Code/java/cardplanner/Packages/selenium/2.8.0/libs/cglib-nodep-2.1_3.jar" />
    <property name="jetty-client.jar" value="/home/ben/Code/java/cardplanner/Packages/jetty/8.0.2.v20111006/lib/jetty-client.jar" />
    <property name="cardplanner.website.model.made.directory" value="/home/ben/Code/java/cardplanner/CardPlannerModel/made" />
    <property name="commons.jar" value="Commons.jar" />
    <property name="cardplanner.server.standalone.made.directory" value="/home/ben/Code/java/cardplanner//made" />
    <property name="cardplanner.common.view.dist.directory" value="/home/ben/Code/java/cardplanner/CardPlannerCommonView/dist" />
    <property name="cardplanner.license.generator.module.test.jar" value="CardPlannerLicenseGeneratorModule-test.jar" />
    <property name="auto.test" value="AutoTest" />
    <property name="sun.os.patch.level" value="unknown" />
    <property name="cardplanner.server.standalone.directory" value="/home/ben/Code/java/cardplanner/" />
    <property name="java.vm.specification.name" value="Java Virtual Machine Specification" />
    <property name="cardplanner.license.module.jar" value="CardPlannerLicenseModule.jar" />
    <property name="commons.httpclient.jar" value="/home/ben/Code/java/cardplanner/Packages/apache/commons/httpclient/3.1/commons-httpclient.jar" />
    <property name="commons.crypto.directory" value="/home/ben/Code/java/cardplanner/CommonsCrypto" />
    <property name="cardplanner.common.view.directory" value="/home/ben/Code/java/cardplanner/CardPlannerCommonView" />
    <property name="selenium-json.jar" value="/home/ben/Code/java/cardplanner/Packages/selenium/2.8.0/libs/json-20080701.jar" />
    <property name="os.name" value="Linux" />
    <property name="auto.test.directory" value="/home/ben/Code/java/cardplanner/AutoTest" />
    <property name="mockito.jar" value="/home/ben/Code/java/cardplanner/Packages/mockito/1.8.4/mockito-all.jar" />
    <property name="java.vendor.url.bug" value="http://bugreport.sun.com/bugreport/" />
    <property name="problem.dependencies.jar" value="ProblemDependencies.jar" />
    <property name="ant.file.type.CommonBuild" value="file" />
    <property name="commons.image.jar" value="CommonsImage.jar" />
    <property name="os.arch" value="amd64" />
    <property name="commons.reflection.directory" value="/home/ben/Code/java/cardplanner/CommonsReflection" />
    <property name="user.name" value="ben" />
    <property name="packages.home" value="/home/ben/Code/java/cardplanner/Packages" />
    <property name="cardplanner.license.generator.module.made.directory" value="/home/ben/Code/java/cardplanner/CardPlannerLicenseGeneratorModule/made" />
    <property name="cardplanner.server.standalone.dist.directory" value="/home/ben/Code/java/cardplanner//dist" />
    <property name="commons.beanutils.jar" value="/home/ben/Code/java/cardplanner/Packages/apache/commons/beanutils/1.8.0/commons-beanutils.jar" />
    <property name="opencsv.jar" value="/home/ben/Code/java/cardplanner/Packages/opencsv/2.0/opencsv.jar" />
    <property name="selenium-xercesImpl.jar" value="/home/ben/Code/java/cardplanner/Packages/selenium/2.8.0/libs/xercesImpl-2.9.1.jar" />
    <property name="sun.java.command" value="org.apache.tools.ant.taskdefs.optional.junit.JUnitTestRunner uk.co.itstherules.yawf.controller.BaseTest filtertrace=true haltOnError=true haltOnFailure=true formatter=org.apache.tools.ant.taskdefs.optional.junit.SummaryJUnitResultFormatter showoutput=true outputtoformatters=true logfailedtests=true logtestlistenerevents=false formatter=org.apache.tools.ant.taskdefs.optional.junit.XMLJUnitResultFormatter,/home/ben/Code/java/cardplanner/YAWF/output/TEST-uk.co.itstherules.yawf.controller.BaseTest.xml crashfile=/home/ben/Code/java/cardplanner/junitvmwatcher6625224771760400508.properties propsfile=/home/ben/Code/java/cardplanner/junit1229918751403565779.properties" />
    <property name="auto.test.pdf.regression.jar" value="AutoTestPdfRegression.jar" />
    <property name="web.xml" value="CardPlanner_web.xml" />
    <property name="batik-awt-util.jar" value="/home/ben/Code/java/cardplanner/Packages/batik/1.7/lib/batik-awt-util.jar" />
    <property name="itext.jar" value="/home/ben/Code/java/cardplanner/Packages/flyingsaucer/R8/iText-2.0.8.jar" />
    <property name="yawf.made.directory" value="/home/ben/Code/java/cardplanner/YAWF/made" />
    <property name="selenium-httpcore.jar" value="/home/ben/Code/java/cardplanner/Packages/selenium/2.8.0/libs/httpcore-4.1.3.jar" />
    <property name="jetty-http.jar" value="/home/ben/Code/java/cardplanner/Packages/jetty/8.0.2.v20111006/lib/jetty-http.jar" />
    <property name="cardplanner.website.war" value="CardPlanner.war" />
    <property name="user.country" value="GB" />
    <property name="jetty-jndi.jar" value="/home/ben/Code/java/cardplanner/Packages/jetty/8.0.2.v20111006/lib/jetty-jndi.jar" />
    <property name="batik-ext.jar" value="/home/ben/Code/java/cardplanner/Packages/batik/1.7/lib/batik-ext.jar" />
    <property name="jetty-deploy.jar" value="/home/ben/Code/java/cardplanner/Packages/jetty/8.0.2.v20111006/lib/jetty-deploy.jar" />
    <property name="problem.dependencies.directory" value="/home/ben/Code/java/cardplanner/ProblemDependencies" />
    <property name="batik-rasterizer.jar" value="/home/ben/Code/java/cardplanner/Packages/batik/1.7/batik-rasterizer.jar" />
    <property name="commons.image" value="CommonsImage" />
    <property name="antlr.jar" value="/home/ben/Code/java/cardplanner/Packages/hibernate/3.6.1.Final/lib/required/antlr-2.7.6.jar" />
    <property name="commons.made.directory" value="/home/ben/Code/java/cardplanner/Commons/made" />
    <property name="yuicompressor.jar" value="/home/ben/Code/java/cardplanner/Packages/yahoo/yuicompressor/2.4.7/build/yuicompressor.jar" />
    <property name="poi.jar" value="/home/ben/Code/java/cardplanner/Packages/apache/poi/3.2-FINAL-20081019/poi.jar" />
    <property name="distributed_wiki.jar" value="${distributed_wiki}.jar" />
    <property name="slf4j-nop.jar" value="/home/ben/Code/java/cardplanner/Packages/slf4j/1.5.11/slf4j-nop.jar" />
    <property name="java.endorsed.dirs" value="/usr/lib/jvm/java-8-oracle/jre/lib/endorsed" />
    <property name="commons.reflection.dist.directory" value="/home/ben/Code/java/cardplanner/CommonsReflection/dist" />
    <property name="commons.io.jar" value="/home/ben/Code/java/cardplanner/Packages/apache/commons/io/1.4/commons-io.jar" />
    <property name="xml-apis-ext.jar" value="/home/ben/Code/java/cardplanner/Packages/batik/1.7/lib/xml-apis-ext.jar" />
    <property name="java.vm.specification.version" value="1.8" />
    <property name="selenium-commons-codec.jar" value="/home/ben/Code/java/cardplanner/Packages/selenium/2.8.0/libs/commons-codec-1.4.jar" />
    <property name="cardplanner.website.made.directory" value="/home/ben/Code/java/cardplanner/CardPlanner/made" />
    <property name="cardplanner.instance.manager.war" value="CardPlannerInstanceManager.war" />
    <property name="cardplanner.license.generator.module.jar" value="CardPlannerLicenseGeneratorModule.jar" />
    <property name="auto.test.data.fixtures.test.jar" value="AutoTestDataFixtures-test.jar" />
    <property name="yawf.dist.directory" value="/home/ben/Code/java/cardplanner/YAWF/dist" />
    <property name="ant.file.type.YAWF" value="file" />
    <property name="cardplanner.brochure.website.test.jar" value="CardPlannerBrochure-test.jar" />
    <property name="java.vendor" value="Oracle Corporation" />
    <property name="distributed_wiki_view.dist.directory" value="/home/ben/Code/java/cardplanner/DistributedWiki/com.hosksoft.distributed.wiki.view/dist" />
    <property name="ant.file.CommonsImage" value="/home/ben/Code/java/cardplanner/CommonsImage/build.xml" />
    <property name="ant.file.type.CommonsReflection" value="file" />
    <property name="file.separator" value="/" />
    <property name="xstream.jar" value="/home/ben/Code/java/cardplanner/Packages/xstream/1.3.1/xstream.jar" />
    <property name="rhino.jar" value="/home/ben/Code/java/cardplanner/Packages/mozilla/rhino/1.7R2/js.jar" />
    <property name="commons.image.test.jar" value="CommonsImage-test.jar" />
    <property name="mail.jar" value="/home/ben/Code/java/cardplanner/Packages/java/mail/1.4.3/mail.jar" />
    <property name="selenium-jna.jar" value="/home/ben/Code/java/cardplanner/Packages/selenium/2.8.0/libs/jna-3.3.0.jar" />
    <property name="sun.java.launcher" value="SUN_STANDARD" />
    <property name="red5.jar" value="/home/ben/Code/java/cardplanner/Packages/red5/0.7.0/red5.jar" />
    <property name="selenium-xalan.jar" value="/home/ben/Code/java/cardplanner/Packages/selenium/2.8.0/libs/xalan-2.7.1.jar" />
    <property name="cardplanner.website.model" value="CardPlannerModel" />
    <property name="commons.reflection.test.jar" value="CommonsReflection-test.jar" />
    <property name="commons.dist.directory" value="/home/ben/Code/java/cardplanner/Commons/dist" />
    <property name="poi.contrib.jar" value="/home/ben/Code/java/cardplanner/Packages/apache/poi/3.2-FINAL-20081019/poi-contrib.jar" />
    <property name="ant.home" value="/usr/share/ant" />
    <property name="ant.file.CommonsCrypto" value="/home/ben/Code/java/cardplanner/CommonsCrypto/build.xml" />
    <property name="ant.java.version" value="1.8" />
    <property name="java.library.path" value="/usr/java/packages/lib/amd64:/usr/lib64:/lib64:/lib:/usr/lib" />
    <property name="activation.jar" value="/home/ben/Code/java/cardplanner/Packages/java/activation/1.1/activation.jar" />
    <property name="auto.test.data.fixtures.dist.directory" value="/home/ben/Code/java/cardplanner/AutoTestDataFixtures/dist" />
    <property name="jettison.jar" value="/home/ben/Code/java/cardplanner/Packages/xstream/1.3.1/lib/jettison-1.0.1.jar" />
    <property name="shiro-web.jar" value="/home/ben/Code/java/cardplanner/Packages/apache/shiro/1.1.0/shiro-web.jar" />
    <property name="sun.arch.data.model" value="64" />
    <property name="basedir" value="/home/ben/Code/java/cardplanner" />
    <property name="distributed_wiki.dist.directory" value="/home/ben/Code/java/cardplanner/DistributedWiki/com.hosksoft.distributed.wiki/dist" />
    <property name="pdf.test.writer.dist.directory" value="/home/ben/Code/java/cardplanner/PdfTestWriter/dist" />
    <property name="c3p0.jar" value="/home/ben/Code/java/cardplanner/Packages/hibernate/3.6.1.Final/lib/optional/c3p0/c3p0-0.9.1.jar" />
    <property name="cardplanner.website.dist.directory" value="/home/ben/Code/java/cardplanner/CardPlanner/dist" />
    <property name="commons.string" value="CommonsString" />
    <property name="slf4j-api.jar" value="/home/ben/Code/java/cardplanner/Packages/slf4j/1.5.11/slf4j-api.jar" />
    <property name="auto.test.test.jar" value="AutoTest-test.jar" />
    <property name="ant.file.type.CardPlannerFunctionalTests" value="file" />
    <property name="ant.file.CommonsReflection" value="/home/ben/Code/java/cardplanner/CommonsReflection/build.xml" />
    <property name="path.separator" value=":" />
    <property name="sun.io.unicode.encoding" value="UnicodeLittle" />
    <property name="selenium-cssparser.jar" value="/home/ben/Code/java/cardplanner/Packages/selenium/2.8.0/libs/cssparser-0.9.5.jar" />
    <property name="jetty-security.jar" value="/home/ben/Code/java/cardplanner/Packages/jetty/8.0.2.v20111006/lib/jetty-security.jar" />
    <property name="user.language" value="en" />
    <property name="commons.image.directory" value="/home/ben/Code/java/cardplanner/CommonsImage" />
    <property name="yawf.directory" value="/home/ben/Code/java/cardplanner/YAWF" />
    <property name="junit.jar" value="/home/ben/Code/java/cardplanner/Packages/junit/4.7/junit.jar" />
    <property name="oval.jar" value="/home/ben/Code/java/cardplanner/Packages/oval/1.50/oval.jar" />
    <property name="batik-dom.jar" value="/home/ben/Code/java/cardplanner/Packages/batik/1.7/lib/batik-dom.jar" />
    <property name="commons.string.directory" value="/home/ben/Code/java/cardplanner/CommonsString" />
    <property name="batik-util.jar" value="/home/ben/Code/java/cardplanner/Packages/batik/1.7/lib/batik-util.jar" />
    <property name="cardplanner.license.module" value="CardPlannerLicenseModule" />
    <property name="ant.project.invoked-targets" value="YAWF.YAWF" />
    <property name="ehcache.jar" value="/home/ben/Code/java/cardplanner/Packages/hibernate/3.6.1.Final/lib/optional/ehcache/ehcache-1.5.0.jar" />
    <property name="problem.dependencies.made.directory" value="/home/ben/Code/java/cardplanner/ProblemDependencies/made" />
    <property name="home.directory" value="/home/ben" />
    <property name="jetty-policy.jar" value="/home/ben/Code/java/cardplanner/Packages/jetty/8.0.2.v20111006/lib/jetty-policy.jar" />
    <property name="ant.file.CardPlannerModel" value="/home/ben/Code/java/cardplanner/CardPlannerModel/build.xml" />
    <property name="java.class.version" value="52.0" />
    <property name="jetty-annotations.jar" value="/home/ben/Code/java/cardplanner/Packages/jetty/8.0.2.v20111006/lib/jetty-annotations.jar" />
    <property name="commons.email.jar" value="/home/ben/Code/java/cardplanner/Packages/apache/commons/email/1.2/commons-email.jar" />
    <property name="cardplanner.server.standalone" value="CardPlannerServer" />
    <property name="batik-bridge.jar" value="/home/ben/Code/java/cardplanner/Packages/batik/1.7/lib/batik-bridge.jar" />
    <property name="selenium.jar" value="/home/ben/Code/java/cardplanner/Packages/selenium/2.8.0/selenium-java.jar" />
    <property name="file.encoding.pkg" value="sun.io" />
    <property name="sun.cpu.endian" value="little" />
    <property name="pdf.test.writer" value="PdfTestWriter" />
    <property name="commons.directory" value="/home/ben/Code/java/cardplanner/Commons" />
    <property name="auto.test.pdf.regression" value="AutoTestPdfRegression" />
    <property name="selenium-commons-logging.jar" value="/home/ben/Code/java/cardplanner/Packages/selenium/2.8.0/libs/commons-logging-1.1.1.jar" />
    <property name="auto.test.pdf.regression.dist.directory" value="/home/ben/Code/java/cardplanner/AutoTestPdfRegression/dist" />
    <property name="selenium-guava.jar" value="/home/ben/Code/java/cardplanner/Packages/selenium/2.8.0/libs/guava-r09.jar" />
    <property name="cardplanner.website.functional.made.directory" value="/home/ben/Code/java/cardplanner/CardPlannerFunctionalTests/made" />
    <property name="auto.test.pdf.regression.test.jar" value="AutoTestPdfRegression-test.jar" />
    <property name="batik.jar" value="/home/ben/Code/java/cardplanner/Packages/batik/1.7/batik.jar" />
    <property name="auto.test.pdf.regression.directory" value="/home/ben/Code/java/cardplanner/AutoTestPdfRegression" />
    <property name="auto.test.data.fixtures" value="AutoTestDataFixtures" />
    <property name="ant.file.CardPlanner" value="/home/ben/Code/java/cardplanner/CardPlanner/build.xml" />
    <property name="webdriver.jar" value="/home/ben/Code/java/cardplanner/Packages/webdriver/1/webdriver-all.jar" />
    <property name="java.home" value="/usr/lib/jvm/java-8-oracle/jre" />
    <property name="cardplanner.website.model.dist.directory" value="/home/ben/Code/java/cardplanner/CardPlannerModel/dist" />
    <property name="problem.dependencies.dist.directory" value="/home/ben/Code/java/cardplanner/ProblemDependencies/dist" />
    <property name="yawf.jar" value="YAWF.jar" />
    <property name="cardplanner.website.functional.jar" value="CardPlannerFunctionalTests.jar" />
    <property name="ant.project.default-target" value="CardPlannerStandaloneApplication" />
    <property name="code.root" value="/home/ben/Code/java/cardplanner" />
    <property name="jetty-plus.jar" value="/home/ben/Code/java/cardplanner/Packages/jetty/8.0.2.v20111006/lib/jetty-plus.jar" />
    <property name="commons.collections.jar" value="/home/ben/Code/java/cardplanner/Packages//apache/commons/collections/3.1/commons-collections.jar" />
    <property name="cardplanner.instance.manager.test.jar" value="CardPlannerInstanceManager-test.jar" />
    <property name="cardplanner.website.jar" value="CardPlanner.jar" />
    <property name="distributed_wiki.test.jar" value="${distributed_wiki}-test.jar" />
    <property name="log4j.jar" value="/home/ben/Code/java/cardplanner/Packages/apache/log4j/1.2.15/log4j.jar" />
    <property name="batik-css.jar" value="/home/ben/Code/java/cardplanner/Packages/batik/1.7/lib/batik-css.jar" />
    <property name="freemarker.jar" value="/home/ben/Code/java/cardplanner/Packages/freemarker/2.3.16/freemarker.jar" />
    <property name="hibernate.jar" value="/home/ben/Code/java/cardplanner/Packages/hibernate/3.6.1.Final/hibernate3.jar" />
    <property name="auto.test.data.fixtures.jar" value="AutoTestDataFixtures.jar" />
    <property name="cardplanner.common.view" value="CardPlannerCommonView" />
    <property name="cardplanner.license.generator.module.directory" value="/home/ben/Code/java/cardplanner/CardPlannerLicenseGeneratorModule" />
    <property name="selenium-htmlunit.jar" value="/home/ben/Code/java/cardplanner/Packages/selenium/2.8.0/libs/htmlunit-2.9.jar" />
    <property name="cardplanner.website.functional" value="CardPlannerFunctionalTests" />
    <property name="selenium-apache-mime4j.jar" value="/home/ben/Code/java/cardplanner/Packages/selenium/2.8.0/libs/apache-mime4j-0.6.jar" />
    <property name="ant.file.CardPlannerFunctionalTests" value="/home/ben/Code/java/cardplanner/CardPlannerFunctionalTests/build.xml" />
    <property name="h2.jar" value="/home/ben/Code/java/cardplanner/Packages/h2/1.3.165/bin/h2.jar" />
    <property name="ant.file.type.WarCardPlanner" value="file" />
    <property name="ant.file.type.CommonsCrypto" value="file" />
    <property name="ant.file.type.CommonsImage" value="file" />
    <property name="commons.crypto" value="CommonsCrypto" />
    <property name="sun.management.compiler" value="HotSpot 64-Bit Tiered Compilers" />
    <property name="cardplanner.brochure.website.war" value="ROOT.war" />
    <property name="jetty-servlets.jar" value="/home/ben/Code/java/cardplanner/Packages/jetty/8.0.2.v20111006/lib/jetty-serlets.jar" />
    <property name="cardplanner.license.generator.module.dist.directory" value="/home/ben/Code/java/cardplanner/CardPlannerLicenseGeneratorModule/dist" />
    <property name="cardplanner.instance.manager.jar" value="CardPlannerInstanceManager.jar" />
    <property name="commons.crypto.jar" value="CommonsCrypto.jar" />
    <property name="cardplanner.website.directory" value="/home/ben/Code/java/cardplanner/CardPlanner" />
    <property name="ant.file.type.Commons" value="file" />
    <property name="ant.file" value="/home/ben/Code/java/cardplanner/master.xml" />
    <property name="selenium-junit-dep.jar" value="/home/ben/Code/java/cardplanner/Packages/selenium/2.8.0/libs/junit-dep-4.10.jar" />
    <property name="commons.logging.jar" value="/home/ben/Code/java/cardplanner/Packages/apache/commons/logging/1.1.1/commons-logging.jar" />
    <property name="batik-transcoder.jar" value="/home/ben/Code/java/cardplanner/Packages/batik/1.7/lib/batik-transcoder.jar" />
    <property name="servlet-api.jar" value="/home/ben/Code/java/cardplanner/Packages/jetty/8.0.2.v20111006/lib/servlet-api-3.0.jar" />
    <property name="commons.string.jar" value="CommonsString.jar" />
    <property name="commons.codec.jar" value="/home/ben/Code/java/cardplanner/Packages/apache/commons/codec/1.4/commons-codec.jar" />
    <property name="dist" value="dist" />
    <property name="selenium-sac.jar" value="/home/ben/Code/java/cardplanner/Packages/selenium/2.8.0/libs/sac-1.3.jar" />
    <property name="google-collect.jar" value="/home/ben/Code/java/cardplanner/Packages/google/collect/1.0/google-collect.jar" />
    <property name="java.vm.specification.vendor" value="Oracle Corporation" />
    <property name="jetty-servlet.jar" value="/home/ben/Code/java/cardplanner/Packages/jetty/8.0.2.v20111006/lib/jetty-servlet.jar" />
    <property name="cardplanner.war.name" value="CardPlanner" />
    <property name="java.vm.name" value="Java HotSpot(TM) 64-Bit Server VM" />
    <property name="java.io.tmpdir" value="/tmp" />
    <property name="neodatis.jar" value="/home/ben/Code/java/cardplanner/Packages/neodatis/1.9.30.689/neodatis-odb.jar" />
    <property name="java.vendor.url" value="http://java.oracle.com/" />
    <property name="jetty-all.jar" value="/home/ben/Code/java/cardplanner/Packages/jetty/8.0.2.v20111006/lib/jetty-all.jar" />
    <property name="cardplanner.common.view.jar" value="CardPlannerCommonView.jar" />
    <property name="yawf.test.jar" value="YAWF-test.jar" />
    <property name="auto.test.data.fixtures.directory" value="/home/ben/Code/java/cardplanner/AutoTestDataFixtures" />
    <property name="pdf-transcoder.jar" value="/home/ben/Code/java/cardplanner/Packages/batik/1.7/lib/pdf-transcoder.jar" />
    <property name="jetty-ajp.jar" value="/home/ben/Code/java/cardplanner/Packages/jetty/8.0.2.v20111006/lib/jetty-ajp.jar" />
    <property name="cardplanner.website.test.jar" value="CardPlanner-test.jar" />
    <property name="cardplanner.brochure.website.directory" value="/home/ben/Code/java/cardplanner/CardPlannerBrochure" />
    <property name="sun.boot.library.path" value="/usr/lib/jvm/java-8-oracle/jre/lib/amd64" />
    <property name="auto.test.jar" value="AutoTest.jar" />
    <property name="jetty-io.jar" value="/home/ben/Code/java/cardplanner/Packages/jetty/8.0.2.v20111006/lib/jetty-io.jar" />
    <property name="image.assert" value="ImageAssert" />
    <property name="problem.dependencies.test.jar" value="ProblemDependencies-test.jar" />
    <property name="log4j-over-slf4j.jar" value="/home/ben/Code/java/cardplanner/Packages/slf4j/1.5.11/log4j-over-slf4j.jar" />
    <property name="selenium-commons-io.jar" value="/home/ben/Code/java/cardplanner/Packages/selenium/2.8.0/libs/commons-io-2.0.1.jar" />
    <property name="java.runtime.name" value="Java(TM) SE Runtime Environment" />
    <property name="jetty-webapp.jar" value="/home/ben/Code/java/cardplanner/Packages/jetty/8.0.2.v20111006/lib/jetty-webapp.jar" />
    <property name="distributed_wiki.directory" value="/home/ben/Code/java/cardplanner/DistributedWiki/com.hosksoft.distributed.wiki" />
    <property name="ant.project.name" value="CardPlannerStandaloneApplication" />
    <property name="batik-codec.jar" value="/home/ben/Code/java/cardplanner/Packages/batik/1.7/lib/batik-codec.jar" />
    <property name="simple.jar" value="/home/ben/Code/java/cardplanner/Packages/simple/4.1.21/jar/simple.jar" />
    <property name="cardplanner.license.module.directory" value="/home/ben/Code/java/cardplanner/CardPlannerLicenseModule" />
    <property name="made" value="made" />
    <property name="commons.crypto.made.directory" value="/home/ben/Code/java/cardplanner/CommonsCrypto/made" />
    <property name="sun.cpu.isalist" value="" />
    <property name="maximum.permanent.memory" value="600M" />
    <property name="commons.string.made.directory" value="/home/ben/Code/java/cardplanner/CommonsString/made" />
    <property name="xpp3.jar" value="/home/ben/Code/java/cardplanner/Packages/xstream/1.3.1/xpp3_min-1.1.4c.jar" />
    <property name="user.home" value="/home/ben" />
    <property name="ant.file.CommonBuild" value="/home/ben/Code/java/cardplanner/common.xml" />
    <property name="java.specification.name" value="Java Platform API Specification" />
    <property name="jetty-rewrite.jar" value="/home/ben/Code/java/cardplanner/Packages/jetty/8.0.2.v20111006/lib/jetty-rewrite.jar" />
    <property name="cardplanner.instance.manager.made.directory" value="/home/ben/Code/java/cardplanner/CardPlannerInstanceManager/made" />
    <property name="slf4j-log4j.jar" value="/home/ben/Code/java/cardplanner/Packages/slf4j/1.5.11/slf4j-log4j.jar" />
    <property name="commons.fileupload.jar" value="/home/ben/Code/java/cardplanner/Packages/apache/commons/fileupload/1.2.1/commons-fileupload.jar" />
    <property name="computer.hostname" value="ben" />
    <property name="selenium-hamcrest-all.jar" value="/home/ben/Code/java/cardplanner/Packages/selenium/2.8.0/libs/hamcrest-all-1.1.jar" />
    <property name="java.specification.vendor" value="Oracle Corporation" />
    <property name="java.version" value="1.8.0" />
    <property name="commons.image.made.directory" value="/home/ben/Code/java/cardplanner/CommonsImage/made" />
    <property name="selenium-xml-apis.jar" value="/home/ben/Code/java/cardplanner/Packages/selenium/2.8.0/libs/xml-apis-1.3.04.jar" />
    <property name="commons.string.test.jar" value="CommonsString-test.jar" />
    <property name="ant.file.CardPlannerStandaloneApplication" value="/home/ben/Code/java/cardplanner/master.xml" />
    <property name="distributed_wiki_view.jar" value="${distributed_wiki_view}.jar" />
    <property name="cardplanner.license.module.made.directory" value="/home/ben/Code/java/cardplanner/CardPlannerLicenseModule/made" />
    <property name="flyingsaucer.jar" value="/home/ben/Code/java/cardplanner/Packages/flyingsaucer/R8/core-renderer.jar" />
    <property name="commons.string.dist.directory" value="/home/ben/Code/java/cardplanner/CommonsString/dist" />
    <property name="selenium-httpmime.jar" value="/home/ben/Code/java/cardplanner/Packages/selenium/2.8.0/libs/httpmime-4.1.2.jar" />
    <property name="jna.jar" value="/home/ben/Code/java/cardplanner/Packages/webdriver/1/jna.jar" />
    <property name="batik-script.jar" value="/home/ben/Code/java/cardplanner/Packages/batik/1.7/lib/batik-script.jar" />
    <property name="cardplanner.instance.manager.dist.directory" value="/home/ben/Code/java/cardplanner/CardPlannerInstanceManager/dist" />
    <property name="commons.reflection.jar" value="CommonsReflection.jar" />
    <property name="line.separator" value="&#xa;" />
    <property name="java.specification.version" value="1.8" />
    <property name="java.vm.info" value="mixed mode" />
    <property name="jetty-websocket.jar" value="/home/ben/Code/java/cardplanner/Packages/jetty/8.0.2.v20111006/lib/jetty-websocket.jar" />
    <property name="ant.file.type.CardPlannerStandaloneApplication" value="file" />
    <property name="cardplanner.server.standalone.jar" value="CardPlannerServer.jar" />
    <property name="pdf.test.writer.directory" value="/home/ben/Code/java/cardplanner/PdfTestWriter" />
    <property name="sun.boot.class.path" value="/usr/lib/jvm/java-8-oracle/jre/lib/resources.jar:/usr/lib/jvm/java-8-oracle/jre/lib/rt.jar:/usr/lib/jvm/java-8-oracle/jre/lib/sunrsasign.jar:/usr/lib/jvm/java-8-oracle/jre/lib/jsse.jar:/usr/lib/jvm/java-8-oracle/jre/lib/jce.jar:/usr/lib/jvm/java-8-oracle/jre/lib/charsets.jar:/usr/lib/jvm/java-8-oracle/jre/lib/jfr.jar:/usr/lib/jvm/java-8-oracle/jre/classes" />
    <property name="commons.image.dist.directory" value="/home/ben/Code/java/cardplanner/CommonsImage/dist" />
    <property name="hibernate-jpa.jar" value="/home/ben/Code/java/cardplanner/Packages/hibernate/3.6.1.Final/lib/jpa/hibernate-jpa-2.0-api-1.0.0.Final.jar" />
    <property name="yawf" value="YAWF" />
    <property name="batik-anim.jar" value="/home/ben/Code/java/cardplanner/Packages/batik/1.7/lib/batik-anim.jar" />
    <property name="commons.reflection" value="CommonsReflection" />
    <property name="cardplanner.license.generator.module" value="CardPlannerLicenseGeneratorModule" />
    <property name="ant.file.Commons" value="/home/ben/Code/java/cardplanner/Commons/build.xml" />
    <property name="ant.file.CommonsString" value="/home/ben/Code/java/cardplanner/CommonsString/build.xml" />
    <property name="backport-util-concurrent.jar" value="/home/ben/Code/java/cardplanner/Packages/hibernate/3.6.1.Final/lib/optional/ehcache/backport-util-concurrent.jar" />
    <property name="cardplanner.license.module.dist.directory" value="/home/ben/Code/java/cardplanner/CardPlannerLicenseModule/dist" />
    <property name="selenium-commons-lang.jar" value="/home/ben/Code/java/cardplanner/Packages/selenium/2.8.0/libs/commons-lang-2.6.jar" />
    <property name="ant.file.WarCardPlanner" value="/home/ben/Code/java/cardplanner/CardPlanner/war.xml" />
    <property name="jcl-over-slf4j.jar" value="/home/ben/Code/java/cardplanner/Packages/slf4j/1.5.11/jcl-over-slf4j.jar" />
    <property name="commons.crypto.test.jar" value="CommonsCrypto-test.jar" />
    <property name="cardplanner.brochure.website.jar" value="CardPlannerBrochure.jar" />
    <property name="batik-path" value="/home/ben/Code/java/cardplanner/Packages/batik/1.7" />
    <property name="jetty-util.jar" value="/home/ben/Code/java/cardplanner/Packages/jetty/8.0.2.v20111006/lib/jetty-util.jar" />
    <property name="java.awt.printerjob" value="sun.print.PSPrinterJob" />
    <property name="sun.jnu.encoding" value="UTF-8" />
    <property name="jetty-xml.jar" value="/home/ben/Code/java/cardplanner/Packages/jetty/8.0.2.v20111006/lib/jetty-xml.jar" />
    <property name="cardplanner.brochure.website" value="CardPlannerBrochure" />
    <property name="selenium-htmlunit-core-js.jar" value="/home/ben/Code/java/cardplanner/Packages/selenium/2.8.0/libs/htmlunit-core-js-2.9.jar" />
    <property name="java.runtime.version" value="1.8.0-b132" />
    <property name="batik-svg-dom.jar" value="/home/ben/Code/java/cardplanner/Packages/batik/1.7/lib/batik-svg-dom.jar" />
    <property name="commons.reflection.made.directory" value="/home/ben/Code/java/cardplanner/CommonsReflection/made" />
    <property name="recaptcha4j.jar" value="/home/ben/Code/java/cardplanner/Packages/recaptcha4j/0.0.7/recaptcha4j.jar" />
    <property name="flexjson.jar" value="/home/ben/Code/java/cardplanner/Packages/flexjson/1.9.2/flexjson.jar" />
    <property name="javassist.jar" value="/home/ben/Code/java/cardplanner/Packages/hibernate/3.6.1.Final/lib/bytecode/javassist/javassist-3.12.0.GA.jar" />
    <property name="cardplanner.license.module.test.jar" value="CardPlannerLicenseModule-test.jar" />
    <property name="fudgeIt" value="hellYeah" />
    <property name="jetty-overlay-deployer.jar" value="/home/ben/Code/java/cardplanner/Packages/jetty/8.0.2.v20111006/lib/jetty-overlay-deployer.jar" />
    <property name="problem.dependencies.war" value="ProblemDependencies.war" />
    <property name="jetty-continuation.jar" value="/home/ben/Code/java/cardplanner/Packages/jetty/8.0.2.v20111006/lib/jetty-continuation.jar" />
    <property name="user.timezone" value="Europe/London" />
    <property name="selenium-httpclient.jar" value="/home/ben/Code/java/cardplanner/Packages/selenium/2.8.0/libs/httpclient-4.1.2.jar" />
    <property name="commons.logging.api.jar" value="/home/ben/Code/java/cardplanner/Packages/apache/commons/logging/1.1.1/commons-logging-api.jar" />
    <property name="jetty-jmx.jar" value="/home/ben/Code/java/cardplanner/Packages/jetty/8.0.2.v20111006/lib/jetty-jmx.jar" />
    <property name="cardplanner.website.model.jar" value="CardPlannerModel.jar" />
    <property name="ant.file.type.CardPlannerModel" value="file" />
    <property name="instance.war" value="CardPlanner.war" />
    <property name="license.validity.in.months" value="24" />
    <property name="jetty-server.jar" value="/home/ben/Code/java/cardplanner/Packages/jetty/8.0.2.v20111006/lib/jetty-server.jar" />
    <property name="java.ext.dirs" value="/usr/lib/jvm/java-8-oracle/jre/lib/ext:/usr/java/packages/lib/ext" />
    <property name="ant.file.YAWF" value="/home/ben/Code/java/cardplanner/YAWF/build.xml" />
    <property name="fund.fact.sheets.test.domain" value="FundFactSheetsTestDomain" />
    <property name="jta.jar" value="/home/ben/Code/java/cardplanner/Packages/hibernate/3.6.1.Final/lib/required/jta-1.1.jar" />
    <property name="java.class.path" value="/home/ben/Code/java/cardplanner/YAWF/made/YAWF.jar:/home/ben/Code/java/cardplanner/YAWF/made/YAWF-test.jar:/home/ben/Code/java/cardplanner/Commons/dist/Commons.jar:/home/ben/Code/java/cardplanner/CommonsString/dist/CommonsString.jar:/home/ben/Code/java/cardplanner/CommonsReflection/dist/CommonsReflection.jar:/home/ben/Code/java/cardplanner/CommonsImage/dist/CommonsImage.jar:/home/ben/Code/java/cardplanner/Packages/jetty/8.0.2.v20111006/lib/servlet-api-3.0.jar:/home/ben/Code/java/cardplanner/Packages/jetty/8.0.2.v20111006/lib/jetty-server.jar:/home/ben/Code/java/cardplanner/Packages/jetty/8.0.2.v20111006/lib/jetty-servlet.jar:/home/ben/Code/java/cardplanner/Packages/jetty/8.0.2.v20111006/lib/jetty-http.jar:/home/ben/Code/java/cardplanner/Packages/jetty/8.0.2.v20111006/lib/jetty-webapp.jar:/home/ben/Code/java/cardplanner/Packages/jetty/8.0.2.v20111006/lib/jetty-util.jar:/home/ben/Code/java/cardplanner/Packages/jetty/8.0.2.v20111006/lib/jetty-io.jar:/home/ben/Code/java/cardplanner/Packages/jetty/8.0.2.v20111006/lib/jetty-security.jar:/home/ben/Code/java/cardplanner/Packages/jetty/8.0.2.v20111006/lib/jetty-xml.jar:/home/ben/Code/java/cardplanner/Packages/jetty/8.0.2.v20111006/lib/jetty-plus.jar:/home/ben/Code/java/cardplanner/Packages/jetty/8.0.2.v20111006/lib/jetty-jndi.jar:/home/ben/Code/java/cardplanner/Packages/jetty/8.0.2.v20111006/lib/jetty-continuation.jar:/home/ben/Code/java/cardplanner/Packages/hibernate/3.6.1.Final/lib/jpa/hibernate-jpa-2.0-api-1.0.0.Final.jar:/home/ben/Code/java/cardplanner/Packages/hibernate/3.6.1.Final/lib/required/antlr-2.7.6.jar:/home/ben/Code/java/cardplanner/Packages/hibernate/3.6.1.Final/lib/required/dom4j-1.6.1.jar:/home/ben/Code/java/cardplanner/Packages/hibernate/3.6.1.Final/hibernate3.jar:/home/ben/Code/java/cardplanner/Packages/freemarker/2.3.16/freemarker.jar:/home/ben/Code/java/cardplanner/Packages/oval/1.50/oval.jar:/home/ben/Code/java/cardplanner/Packages/apache/commons/io/1.4/commons-io.jar:/home/ben/Code/java/cardplanner/Packages/apache/commons/fileupload/1.2.1/commons-fileupload.jar:/home/ben/Code/java/cardplanner/Packages/apache/commons/httpclient/3.1/commons-httpclient.jar:/home/ben/Code/java/cardplanner/Packages/apache/commons/codec/1.4/commons-codec.jar:/home/ben/Code/java/cardplanner/Packages/apache/commons/email/1.2/commons-email.jar:/home/ben/Code/java/cardplanner/Packages/flexjson/1.9.2/flexjson.jar:/home/ben/Code/java/cardplanner/Packages/opencsv/2.0/opencsv.jar:/home/ben/Code/java/cardplanner/Packages/batik/1.7/batik.jar:/home/ben/Code/java/cardplanner/Packages/batik/1.7/batik-rasterizer.jar:/home/ben/Code/java/cardplanner/Packages/batik/1.7/lib/batik-codec.jar:/home/ben/Code/java/cardplanner/Packages/batik/1.7/lib/pdf-transcoder.jar:/home/ben/Code/java/cardplanner/Packages/batik/1.7/lib/batik-transcoder.jar:/home/ben/Code/java/cardplanner/Packages/batik/1.7/lib/batik-util.jar:/home/ben/Code/java/cardplanner/Packages/recaptcha4j/0.0.7/recaptcha4j.jar:/home/ben/Code/java/cardplanner/Packages/yahoo/yuicompressor/2.4.7/build/yuicompressor.jar:/home/ben/Code/java/cardplanner/Packages/flyingsaucer/R8/core-renderer.jar:/home/ben/Code/java/cardplanner/Packages/flyingsaucer/R8/iText-2.0.8.jar:/home/ben/Code/java/cardplanner/Packages/java/activation/1.1/activation.jar:/home/ben/Code/java/cardplanner/Packages/java/mail/1.4.3/mail.jar:/home/ben/Code/java/cardplanner/Packages/apache/shiro/1.1.0/shiro-core.jar:/home/ben/Code/java/cardplanner/Packages/apache/shiro/1.1.0/shiro-web.jar:/home/ben/Code/java/cardplanner/Packages/junit/4.7/junit.jar:/home/ben/Code/java/cardplanner/Packages/mockito/1.8.4/mockito-all.jar:/usr/share/ant/lib/junit.jar:/usr/share/java/ant-launcher-1.9.2.jar:/usr/share/ant/lib/ant.jar:/usr/share/ant/lib/ant-junit.jar:/usr/share/ant/lib/ant-junit4.jar" />
    <property name="shiro-core.jar" value="/home/ben/Code/java/cardplanner/Packages/apache/shiro/1.1.0/shiro-core.jar" />
    <property name="cardplanner.website.model.test.jar" value="CardPlannerModel-test.jar" />
    <property name="selenium-serializer.jar" value="/home/ben/Code/java/cardplanner/Packages/selenium/2.8.0/libs/serializer-2.7.1.jar" />
    <property name="os.version" value="3.11.0-19-generic" />
    <property name="jpedal.jar" value="/home/ben/Code/java/cardplanner/Packages/jpedal/0/jpedal_lgpl.jar" />
    <property name="cardplanner.brochure.website.made.directory" value="/home/ben/Code/java/cardplanner/CardPlannerBrochure/made" />
    <property name="sun.desktop" value="gnome" />
    <property name="batik-version" value="1.7" />
    <property name="xmlunit.jar" value="/home/ben/Code/java/cardplanner/Packages/xmlunit/1.2/xmlunit.jar" />
    <property name="commons" value="Commons" />
    <property name="ant.file.type.CardPlanner" value="file" />
    <property name="auto.test.data.fixtures.made.directory" value="/home/ben/Code/java/cardplanner/AutoTestDataFixtures/made" />
    <property name="distributed_wiki.made.directory" value="/home/ben/Code/java/cardplanner/DistributedWiki/com.hosksoft.distributed.wiki/made" />
    <property name="pdf.test.writer.made.directory" value="/home/ben/Code/java/cardplanner/PdfTestWriter/made" />
    <property name="java.awt.graphicsenv" value="sun.awt.X11GraphicsEnvironment" />
    <property name="java.vm.vendor" value="Oracle Corporation" />
    <property name="cardplanner.website.functional.directory" value="/home/ben/Code/java/cardplanner/CardPlannerFunctionalTests" />
    <property name="cardplanner.instance.manager" value="CardPlannerInstanceManager" />
    <property name="cardplanner.website.functional.test.jar" value="CardPlannerFunctionalTests-test.jar" />
    <property name="auto.test.made.directory" value="/home/ben/Code/java/cardplanner/AutoTest/made" />
    <property name="ant.file.type" value="file" />
    <property name="distributed_wiki_view.directory" value="/home/ben/Code/java/cardplanner/DistributedWiki/com.hosksoft.distributed.wiki.view" />
    <property name="batik-gvt.jar" value="/home/ben/Code/java/cardplanner/Packages/batik/1.7/lib/batik-gvt.jar" />
    <property name="commons.test.jar" value="Commons-test.jar" />
    <property name="dom4j.jar" value="/home/ben/Code/java/cardplanner/Packages/hibernate/3.6.1.Final/lib/required/dom4j-1.6.1.jar" />
    <property name="problem.dependencies" value="ProblemDependencies" />
    <property name="ant.version" value="Apache Ant(TM) version 1.9.2 compiled on July 14 2013" />
    <property name="maximum.memory" value="900M" />
    <property name="file.encoding" value="UTF-8" />
    <property name="cardplanner.brochure.website.dist.directory" value="/home/ben/Code/java/cardplanner/CardPlannerBrochure/dist" />
    <property name="cardplanner.common.view.made.directory" value="/home/ben/Code/java/cardplanner/CardPlannerCommonView/made" />
    <property name="selenium-nekohtml.jar" value="/home/ben/Code/java/cardplanner/Packages/selenium/2.8.0/libs/nekohtml-1.9.15.jar" />
    <property name="awt.toolkit" value="sun.awt.X11.XToolkit" />
    <property name="cardplanner.website" value="CardPlanner" />
  </properties>
  <testcase classname="uk.co.itstherules.yawf.controller.BaseTest" name="minimalListUrl" time="0.007" />
  <testcase classname="uk.co.itstherules.yawf.controller.BaseTest" name="showUrlWithTitle" time="0.0" />
  <testcase classname="uk.co.itstherules.yawf.controller.BaseTest" name="showUrlWithTitleIdentityAndParams" time="0.047" />
  <testcase classname="uk.co.itstherules.yawf.controller.BaseTest" name="showUrlWithTitleAndIdentity" time="0.001" />
  <testcase classname="uk.co.itstherules.yawf.controller.BaseTest" name="defaultFeedRepliesWithIdentityMinusOne" time="0.006" />
  <testcase classname="uk.co.itstherules.yawf.controller.BaseTest" name="listUrlWithTitle" time="0.001" />
  <testcase classname="uk.co.itstherules.yawf.controller.BaseTest" name="listUrlWithTitleAndIdentity" time="0.0" />
  <system-out><![CDATA[]]></system-out>
  <system-err><![CDATA[]]></system-err>
</testsuite>
